{
  "RSpec": {
    "coverage": {
      "/home/ten/Dropbox/gems/yorisoi/spec/dummy/app/helpers/application_helper.rb": [
        1,
        null
      ],
      "/home/ten/Dropbox/gems/yorisoi/spec/dummy/app/helpers/samples_helper.rb": [
        1,
        null
      ],
      "/home/ten/Dropbox/gems/yorisoi/spec/dummy/spec/factories/sample.rb": [
        null,
        null,
        1,
        1,
        1,
        18,
        18,
        18,
        18,
        18,
        18,
        null,
        null,
        null
      ],
      "/home/ten/Dropbox/gems/yorisoi/spec/dummy/spec/supports/active_model.rb": [
        1,
        1,
        1,
        32,
        32,
        32,
        null,
        null,
        null,
        null,
        1,
        1,
        2790,
        2790,
        null,
        null,
        null,
        1,
        null,
        null,
        null,
        null,
        null,
        null,
        null,
        null,
        2790,
        null,
        null,
        null
      ],
      "/home/ten/Dropbox/gems/yorisoi/spec/dummy/app/controllers/samples_controller.rb": [
        1,
        1,
        0,
        null,
        null,
        null,
        1,
        2,
        null,
        null,
        null,
        1,
        8,
        2,
        null,
        6,
        6,
        null,
        null,
        1,
        1,
        8,
        null,
        null,
        null
      ],
      "/home/ten/Dropbox/gems/yorisoi/spec/dummy/app/controllers/application_controller.rb": [
        1,
        null,
        null,
        1,
        null
      ],
      "/home/ten/Dropbox/gems/yorisoi/spec/dummy/spec/dummy/spec/controllers/samples_controller_spec.rb": [
        1,
        null,
        1,
        1,
        null,
        1,
        1,
        1,
        1,
        null,
        null,
        null,
        1,
        1,
        1,
        1,
        1,
        1,
        1,
        1,
        1,
        null,
        null,
        1,
        1,
        1,
        1,
        1,
        1,
        1,
        1,
        1,
        null,
        null,
        1,
        1,
        1,
        1,
        1,
        1,
        1,
        1,
        null,
        null,
        1,
        1,
        1,
        1,
        null,
        null,
        null,
        null
      ],
      "/home/ten/Dropbox/gems/yorisoi/spec/dummy/spec/dummy/spec/libs/conmare_with_normail_builder_spec.rb": [
        1,
        null,
        1,
        null,
        null,
        1,
        1,
        129,
        129,
        129,
        null,
        null,
        1,
        5,
        null,
        null,
        1,
        1,
        1,
        null,
        1,
        1,
        1,
        null,
        null,
        null,
        1,
        1,
        1,
        null,
        null,
        1,
        1,
        1,
        null,
        null,
        null,
        1,
        1,
        1,
        2,
        2,
        2,
        null,
        null,
        1,
        1,
        null,
        null,
        1,
        1,
        null,
        null,
        null,
        1,
        1,
        2,
        2,
        2,
        null,
        null,
        1,
        1,
        null,
        null,
        1,
        1,
        null,
        null,
        null,
        1,
        1,
        2,
        2,
        2,
        null,
        null,
        1,
        1,
        null,
        null,
        1,
        1,
        null,
        null,
        null,
        null,
        1,
        1,
        1,
        2,
        2,
        2,
        null,
        null,
        1,
        1,
        null,
        null,
        1,
        1,
        null,
        null,
        null,
        null,
        1,
        1,
        2,
        2,
        2,
        null,
        null,
        1,
        1,
        null,
        null,
        1,
        1,
        null,
        null,
        null,
        1,
        1,
        2,
        2,
        2,
        null,
        null,
        1,
        1,
        null,
        null,
        1,
        1,
        null,
        null,
        null,
        null,
        null,
        null,
        null,
        null,
        1,
        null,
        18,
        18,
        36,
        36,
        null,
        null,
        18,
        18,
        null,
        null,
        18,
        18,
        null,
        null,
        null,
        18,
        18,
        36,
        36,
        36,
        null,
        null,
        18,
        18,
        null,
        null,
        18,
        18,
        null,
        null,
        null,
        18,
        18,
        36,
        36,
        36,
        null,
        null,
        18,
        18,
        null,
        null,
        18,
        18,
        null,
        null,
        null,
        null,
        null,
        1,
        1,
        1,
        2,
        2,
        null,
        null,
        1,
        1,
        null,
        null,
        1,
        1,
        null,
        null,
        null,
        1,
        1,
        2,
        2,
        2,
        null,
        null,
        1,
        1,
        null,
        null,
        1,
        1,
        null,
        null,
        null,
        null,
        1,
        1,
        1,
        1,
        1,
        null,
        null,
        null,
        1,
        1,
        1,
        1,
        1,
        null,
        null,
        null,
        null,
        null
      ],
      "/home/ten/Dropbox/gems/yorisoi/spec/dummy/spec/dummy/spec/libs/yorisoi_spec.rb": [
        1,
        null,
        1,
        null,
        null,
        1,
        1,
        29,
        29,
        29,
        null,
        null,
        1,
        1,
        1,
        null,
        null,
        1,
        1,
        null,
        1,
        2,
        null,
        1,
        null,
        null,
        null,
        null,
        1,
        1,
        1,
        1,
        null,
        null,
        1,
        1,
        1,
        null,
        null,
        null,
        null,
        1,
        1,
        12,
        null,
        null,
        1,
        1,
        1,
        3,
        null,
        null,
        1,
        1,
        null,
        null,
        1,
        1,
        null,
        null,
        1,
        1,
        null,
        null,
        null,
        1,
        1,
        3,
        null,
        null,
        1,
        1,
        null,
        null,
        1,
        1,
        null,
        null,
        1,
        1,
        null,
        null,
        null,
        null,
        1,
        1,
        1,
        3,
        3,
        null,
        null,
        1,
        1,
        null,
        null,
        1,
        1,
        null,
        null,
        1,
        1,
        null,
        null,
        null,
        1,
        1,
        3,
        3,
        null,
        null,
        1,
        1,
        null,
        null,
        1,
        1,
        null,
        null,
        1,
        1,
        null,
        null,
        null,
        null,
        null,
        null,
        1,
        1,
        14,
        140,
        null,
        null,
        null,
        1,
        1,
        1,
        3,
        null,
        null,
        1,
        1,
        null,
        null,
        1,
        1,
        10,
        null,
        null,
        null,
        1,
        1,
        10,
        null,
        null,
        null,
        null,
        1,
        1,
        3,
        null,
        null,
        1,
        1,
        null,
        null,
        1,
        1,
        10,
        null,
        null,
        null,
        1,
        1,
        10,
        null,
        null,
        null,
        null,
        null,
        1,
        1,
        1,
        4,
        4,
        null,
        null,
        1,
        1,
        null,
        null,
        1,
        1,
        null,
        null,
        1,
        1,
        10,
        null,
        null,
        null,
        1,
        1,
        10,
        null,
        null,
        null,
        null,
        1,
        1,
        4,
        4,
        null,
        null,
        1,
        1,
        1,
        null,
        null,
        1,
        1,
        null,
        null,
        1,
        1,
        10,
        null,
        null,
        null,
        1,
        1,
        10,
        null,
        null,
        null,
        null,
        null,
        null
      ],
      "/home/ten/Dropbox/gems/yorisoi/spec/dummy/spec/dummy/spec/models/samples_spec.rb": [
        1,
        null,
        1,
        1,
        1,
        2,
        null,
        null,
        1,
        1,
        6,
        6,
        6,
        6,
        null,
        null,
        6,
        6,
        6,
        null,
        null,
        null,
        null,
        1,
        1,
        2,
        2,
        2,
        2,
        null,
        null,
        2,
        2,
        2,
        null,
        null,
        null,
        null
      ],
      "/home/ten/Dropbox/gems/yorisoi/spec/dummy/app/models/sample.rb": [
        1,
        1,
        null,
        1,
        null,
        1,
        null,
        null,
        1,
        null,
        1,
        null
      ],
      "/home/ten/Dropbox/gems/yorisoi/spec/dummy/spec/libs/conmare_with_normail_builder_spec.rb": [
        1,
        null,
        1,
        null,
        null,
        1,
        1,
        129,
        129,
        129,
        null,
        null,
        1,
        5,
        null,
        null,
        1,
        1,
        1,
        null,
        1,
        1,
        1,
        null,
        null,
        null,
        1,
        1,
        1,
        null,
        null,
        1,
        1,
        1,
        null,
        null,
        null,
        1,
        1,
        1,
        2,
        2,
        2,
        null,
        null,
        1,
        1,
        null,
        null,
        1,
        1,
        null,
        null,
        null,
        1,
        1,
        2,
        2,
        2,
        null,
        null,
        1,
        1,
        null,
        null,
        1,
        1,
        null,
        null,
        null,
        1,
        1,
        2,
        2,
        2,
        null,
        null,
        1,
        1,
        null,
        null,
        1,
        1,
        null,
        null,
        null,
        null,
        1,
        1,
        1,
        2,
        2,
        2,
        null,
        null,
        1,
        1,
        null,
        null,
        1,
        1,
        null,
        null,
        null,
        null,
        1,
        1,
        2,
        2,
        2,
        null,
        null,
        1,
        1,
        null,
        null,
        1,
        1,
        null,
        null,
        null,
        1,
        1,
        2,
        2,
        2,
        null,
        null,
        1,
        1,
        null,
        null,
        1,
        1,
        null,
        null,
        null,
        null,
        null,
        null,
        null,
        null,
        1,
        null,
        18,
        18,
        36,
        36,
        null,
        null,
        18,
        18,
        null,
        null,
        18,
        18,
        null,
        null,
        null,
        18,
        18,
        36,
        36,
        36,
        null,
        null,
        18,
        18,
        null,
        null,
        18,
        18,
        null,
        null,
        null,
        18,
        18,
        36,
        36,
        36,
        null,
        null,
        18,
        18,
        null,
        null,
        18,
        18,
        null,
        null,
        null,
        null,
        null,
        1,
        1,
        1,
        2,
        2,
        null,
        null,
        1,
        1,
        null,
        null,
        1,
        1,
        null,
        null,
        null,
        1,
        1,
        2,
        2,
        2,
        null,
        null,
        1,
        1,
        null,
        null,
        1,
        1,
        null,
        null,
        null,
        null,
        1,
        1,
        1,
        1,
        1,
        null,
        null,
        null,
        1,
        1,
        1,
        1,
        1,
        null,
        null,
        null,
        null,
        null
      ],
      "/home/ten/Dropbox/gems/yorisoi/spec/dummy/spec/libs/yorisoi_spec.rb": [
        1,
        null,
        1,
        null,
        null,
        1,
        1,
        29,
        29,
        29,
        null,
        null,
        1,
        1,
        1,
        null,
        null,
        1,
        1,
        null,
        1,
        2,
        null,
        1,
        null,
        null,
        null,
        null,
        1,
        1,
        1,
        1,
        null,
        null,
        1,
        1,
        1,
        null,
        null,
        null,
        null,
        1,
        1,
        12,
        null,
        null,
        1,
        1,
        1,
        3,
        null,
        null,
        1,
        1,
        null,
        null,
        1,
        1,
        null,
        null,
        1,
        1,
        null,
        null,
        null,
        1,
        1,
        3,
        null,
        null,
        1,
        1,
        null,
        null,
        1,
        1,
        null,
        null,
        1,
        1,
        null,
        null,
        null,
        null,
        1,
        1,
        1,
        3,
        3,
        null,
        null,
        1,
        1,
        null,
        null,
        1,
        1,
        null,
        null,
        1,
        1,
        null,
        null,
        null,
        1,
        1,
        3,
        3,
        null,
        null,
        1,
        1,
        null,
        null,
        1,
        1,
        null,
        null,
        1,
        1,
        null,
        null,
        null,
        null,
        null,
        null,
        1,
        1,
        14,
        140,
        null,
        null,
        null,
        1,
        1,
        1,
        3,
        null,
        null,
        1,
        1,
        null,
        null,
        1,
        1,
        10,
        null,
        null,
        null,
        1,
        1,
        10,
        null,
        null,
        null,
        null,
        1,
        1,
        3,
        null,
        null,
        1,
        1,
        null,
        null,
        1,
        1,
        10,
        null,
        null,
        null,
        1,
        1,
        10,
        null,
        null,
        null,
        null,
        null,
        1,
        1,
        1,
        4,
        4,
        null,
        null,
        1,
        1,
        null,
        null,
        1,
        1,
        null,
        null,
        1,
        1,
        10,
        null,
        null,
        null,
        1,
        1,
        10,
        null,
        null,
        null,
        null,
        1,
        1,
        4,
        4,
        null,
        null,
        1,
        1,
        1,
        null,
        null,
        1,
        1,
        null,
        null,
        1,
        1,
        10,
        null,
        null,
        null,
        1,
        1,
        10,
        null,
        null,
        null,
        null,
        null,
        null
      ],
      "/home/ten/Dropbox/gems/yorisoi/spec/dummy/spec/models/samples_spec.rb": [
        1,
        null,
        1,
        1,
        1,
        2,
        null,
        null,
        1,
        1,
        6,
        6,
        6,
        6,
        null,
        null,
        6,
        6,
        6,
        null,
        null,
        null,
        null,
        1,
        1,
        2,
        2,
        2,
        2,
        null,
        null,
        2,
        2,
        2,
        null,
        null,
        null,
        null
      ]
    },
    "timestamp": 1435125949
  }
}
